<?xml version="1.0" encoding="UTF-8" ?>
<!--
 *
 *     Copyright 2015-2023 Open Text
 *
 *     The only warranties for products and services of Open Text and
 *     its affiliates and licensors ("Open Text") are as may be set forth
 *     in the express warranty statements accompanying such products and services.
 *     Nothing herein should be construed as constituting an additional warranty.
 *     Open Text shall not be liable for technical or editorial errors or
 *     omissions contained herein. The information contained herein is subject
 *     to change without notice.
 *
 *     Except as specifically indicated otherwise, this document contains
 *     confidential information and a valid license is required for possession,
 *     use or copying. If this work is provided to the U.S. Government,
 *     consistent with FAR 12.211 and 12.212, Commercial Computer Software,
 *     Computer Software Documentation, and Technical Data for Commercial Items are
 *     licensed to the U.S. Government under vendor's standard commercial license.
 *
 *     Licensed under the Apache License, Version 2.0 (the "License");
 *     you may not use this file except in compliance with the License.
 *     You may obtain a copy of the License at
 *
 *       http://www.apache.org/licenses/LICENSE-2.0
 *
 *     Unless required by applicable law or agreed to in writing, software
 *     distributed under the License is distributed on an "AS IS" BASIS,
 *     WITHOUT WARRANTIES OR CONDITIONS OF ANY KIND, either express or implied.
 *     See the License for the specific language governing permissions and
 *     limitations under the License.
 *
 *
  -->

<testsuite tests="5" failures="0" name="com.examples.example.SampleClass" time="0.056" errors="0" skipped="2">
    <properties>
        <property name="java.runtime.name" value="Java(TM) SE Runtime Environment"/>
        <property name="java.vm.vendor" value="Oracle Corporation"/>
        <property name="java.vendor.url" value="http://java.oracle.com/"/>
        <property name="guice.disable.misplaced.annotation.check" value="true"/>
        <property name="java.vm.name" value="Java HotSpot(TM) 64-Bit Server VM"/>
        <property name="file.encoding.pkg" value="sun.io"/>
        <property name="user.script" value=""/>
        <property name="user.country" value="US"/>
        <property name="sun.java.launcher" value="SUN_STANDARD"/>
        <property name="java.vm.specification.vendor" value="Oracle Corporation"/>
        <property name="file.separator" value="\"/>
        <property name="java.vendor.url.bug" value="http://bugreport.sun.com/bugreport/"/>
        <property name="sun.cpu.endian" value="little"/>
        <property name="sun.io.unicode.encoding" value="UnicodeLittle"/>
    </properties>
    <testcase classname="com.examples.example.SampleClass" name="testOne" time="0.002"/>
    <testcase classname="com.examples.example.SampleClass" name="testTwo" time="0.005">
        <skipped/>
    </testcase>
    <testcase classname="com.examples.example.SampleClass" name="testThree" time="0.005">
        <skipped/>
    </testcase>
    <testcase classname="com.examples.example.SampleClass" time="0"/>
    <testcase classname="com.examples.example.SampleClass" name="" time="0"/>
</testsuite>